C:\USERS\ADMINISTRATOR\DOCUMENTS\MPS\I--PIXEL\SRC\BAM-SAMPLE\RELEASE\DIRECT_ACCESS_IMAGE.OBJ
C:\USERS\ADMINISTRATOR\DOCUMENTS\MPS\I--PIXEL\SRC\BAM-SAMPLE\RELEASE\DIRECT_ACCESS_IMAGE_SAMPLE.EXE
C:\USERS\ADMINISTRATOR\DOCUMENTS\MPS\I--PIXEL\SRC\BAM-SAMPLE\RELEASE\DIRECT_ACCESS_IMAGE_SAMPLE.EXE.INTERMEDIATE.MANIFEST
C:\USERS\ADMINISTRATOR\DOCUMENTS\MPS\I--PIXEL\SRC\BAM-SAMPLE\RELEASE\DIRECT_ACCESS_IMAGE_SAMPLE.OBJ
C:\USERS\ADMINISTRATOR\DOCUMENTS\MPS\I--PIXEL\SRC\BAM-SAMPLE\RELEASE\DIRECT_ACCESS_IMAGE_SAMPLE.PCH
C:\USERS\ADMINISTRATOR\DOCUMENTS\MPS\I--PIXEL\SRC\BAM-SAMPLE\RELEASE\DIRECT_ACCESS_IMAGE_SAMPLE.PDB
C:\USERS\ADMINISTRATOR\DOCUMENTS\MPS\I--PIXEL\SRC\BAM-SAMPLE\RELEASE\STDAFX.OBJ
C:\USERS\ADMINISTRATOR\DOCUMENTS\MPS\I--PIXEL\SRC\BAM-SAMPLE\RELEASE\VC100.PDB
C:\Users\Administrator\Documents\mps\I--Pixel\src\VBAM\Release\cl.command.1.tlog
C:\Users\Administrator\Documents\mps\I--Pixel\src\VBAM\Release\CL.read.1.tlog
C:\Users\Administrator\Documents\mps\I--Pixel\src\VBAM\Release\CL.write.1.tlog
C:\Users\Administrator\Documents\mps\I--Pixel\src\VBAM\Release\Direct_Access_Image.obj
C:\Users\Administrator\Documents\mps\I--Pixel\src\VBAM\Release\Direct_Access_Image_Sample.exe
C:\Users\Administrator\Documents\mps\I--Pixel\src\VBAM\Release\Direct_Access_Image_Sample.exe.intermediate.manifest
C:\Users\Administrator\Documents\mps\I--Pixel\src\VBAM\Release\Direct_Access_Image_Sample.obj
C:\Users\Administrator\Documents\mps\I--Pixel\src\VBAM\Release\Direct_Access_Image_Sample.pch
C:\Users\Administrator\Documents\mps\I--Pixel\src\VBAM\Release\Direct_Access_Image_Sample.pdb
C:\Users\Administrator\Documents\mps\I--Pixel\src\VBAM\Release\link.command.1.tlog
C:\Users\Administrator\Documents\mps\I--Pixel\src\VBAM\Release\link.read.1.tlog
C:\Users\Administrator\Documents\mps\I--Pixel\src\VBAM\Release\link.write.1.tlog
C:\Users\Administrator\Documents\mps\I--Pixel\src\VBAM\Release\mt.command.1.tlog
C:\Users\Administrator\Documents\mps\I--Pixel\src\VBAM\Release\mt.read.1.tlog
C:\Users\Administrator\Documents\mps\I--Pixel\src\VBAM\Release\mt.write.1.tlog
C:\Users\Administrator\Documents\mps\I--Pixel\src\VBAM\Release\stdafx.obj
C:\Users\Administrator\Documents\mps\I--Pixel\src\VBAM\Release\vc100.pdb
