C:\Users\Student\Documents\GitHub\I--Pixel\src\VBAM\Debug\cl.command.1.tlog
C:\Users\Student\Documents\GitHub\I--Pixel\src\VBAM\Debug\CL.read.1.tlog
C:\Users\Student\Documents\GitHub\I--Pixel\src\VBAM\Debug\CL.write.1.tlog
C:\USERS\STUDENT\DOCUMENTS\GITHUB\I--PIXEL\SRC\VBAM\DEBUG\DIRECT_ACCESS_IMAGE.OBJ
C:\Users\Student\Documents\GitHub\I--Pixel\src\VBAM\Debug\link.1808.read.1.tlog
C:\Users\Student\Documents\GitHub\I--Pixel\src\VBAM\Debug\link.1808.write.1.tlog
C:\Users\Student\Documents\GitHub\I--Pixel\src\VBAM\Debug\link.1808-cvtres.read.1.tlog
C:\Users\Student\Documents\GitHub\I--Pixel\src\VBAM\Debug\link.1808-cvtres.write.1.tlog
C:\Users\Student\Documents\GitHub\I--Pixel\src\VBAM\Debug\link.command.1.tlog
C:\Users\Student\Documents\GitHub\I--Pixel\src\VBAM\Debug\link.read.1.tlog
C:\Users\Student\Documents\GitHub\I--Pixel\src\VBAM\Debug\link.write.1.tlog
C:\Users\Student\Documents\GitHub\I--Pixel\src\VBAM\Debug\link-cvtres.read.1.tlog
C:\Users\Student\Documents\GitHub\I--Pixel\src\VBAM\Debug\link-cvtres.write.1.tlog
C:\Users\Student\Documents\GitHub\I--Pixel\src\VBAM\Debug\mt.command.1.tlog
C:\Users\Student\Documents\GitHub\I--Pixel\src\VBAM\Debug\mt.read.1.tlog
C:\Users\Student\Documents\GitHub\I--Pixel\src\VBAM\Debug\mt.write.1.tlog
C:\Users\Student\Documents\GitHub\I--Pixel\src\VBAM\Debug\rc.command.1.tlog
C:\Users\Student\Documents\GitHub\I--Pixel\src\VBAM\Debug\rc.read.1.tlog
C:\Users\Student\Documents\GitHub\I--Pixel\src\VBAM\Debug\rc.write.1.tlog
C:\USERS\STUDENT\DOCUMENTS\GITHUB\I--PIXEL\SRC\VBAM\DEBUG\STDAFX.OBJ
C:\USERS\STUDENT\DOCUMENTS\GITHUB\I--PIXEL\SRC\VBAM\DEBUG\VBAM.EXE
C:\USERS\STUDENT\DOCUMENTS\GITHUB\I--PIXEL\SRC\VBAM\DEBUG\VBAM.EXE.EMBED.MANIFEST
C:\USERS\STUDENT\DOCUMENTS\GITHUB\I--PIXEL\SRC\VBAM\DEBUG\VBAM.EXE.EMBED.MANIFEST.RES
C:\USERS\STUDENT\DOCUMENTS\GITHUB\I--PIXEL\SRC\VBAM\DEBUG\VBAM.EXE.INTERMEDIATE.MANIFEST
C:\USERS\STUDENT\DOCUMENTS\GITHUB\I--PIXEL\SRC\VBAM\DEBUG\VBAM.ILK
C:\USERS\STUDENT\DOCUMENTS\GITHUB\I--PIXEL\SRC\VBAM\DEBUG\VBAM.OBJ
C:\USERS\STUDENT\DOCUMENTS\GITHUB\I--PIXEL\SRC\VBAM\DEBUG\VBAM.PCH
C:\USERS\STUDENT\DOCUMENTS\GITHUB\I--PIXEL\SRC\VBAM\DEBUG\VBAM.PDB
C:\Users\Student\Documents\GitHub\I--Pixel\src\VBAM\Debug\VBAM_manifest.rc
C:\Users\Student\Documents\GitHub\I--Pixel\src\VBAM\Debug\vc100.idb
C:\USERS\STUDENT\DOCUMENTS\GITHUB\I--PIXEL\SRC\VBAM\DEBUG\VC100.PDB
