Build started 12/17/2013 3:55:39 PM.
     1>Project "C:\Users\Administrator\Documents\mps\I--Pixel\src\VBAM\Direct_Access_Image_Sample.vcxproj" on node 2 (build target(s)).
     1>InitializeBuildStatus:
         Creating "Debug\Direct_Access_Image_Sample.unsuccessfulbuild" because "AlwaysCreate" was specified.
       ClCompile:
         All outputs are up-to-date.
         C:\Program Files (x86)\Microsoft Visual Studio 10.0\VC\bin\CL.exe /c /ZI /nologo /W4 /WX- /Od /Oy- /D WIN32 /D _DEBUG /D _CONSOLE /D _UNICODE /D UNICODE /Gm /EHsc /RTC1 /MDd /GS /fp:precise /Zc:wchar_t /Zc:forScope /Yu"StdAfx.h" /Fp"Debug\Direct_Access_Image_Sample.pch" /Fo"Debug\\" /Fd"Debug\vc100.pdb" /Gd /TP /analyze- /errorReport:prompt vbam.cpp
         vbam.cpp
     1>c:\program files (x86)\microsoft sdks\windows\v7.0a\include\winbase.h(249): warning C4201: nonstandard extension used : nameless struct/union
     1>c:\program files (x86)\microsoft sdks\windows\v7.0a\include\winbase.h(776): warning C4201: nonstandard extension used : nameless struct/union
     1>c:\users\administrator\documents\mps\i--pixel\src\vbam\vbam.cpp(88): warning C4189: 'hThread' : local variable is initialized but not referenced
     1>c:\users\administrator\documents\mps\i--pixel\src\vbam\dirent.h(241): warning C4505: '_wreaddir' : unreferenced local function has been removed
     1>c:\users\administrator\documents\mps\i--pixel\src\vbam\dirent.h(274): warning C4505: 'rewinddir' : unreferenced local function has been removed
       ManifestResourceCompile:
         All outputs are up-to-date.
       Link:
         C:\Program Files (x86)\Microsoft Visual Studio 10.0\VC\bin\link.exe /ERRORREPORT:PROMPT /OUT:"C:\Users\Administrator\Documents\mps\I--Pixel\src\VBAM\Debug\Direct_Access_Image_Sample.exe" /INCREMENTAL /NOLOGO kernel32.lib user32.lib gdi32.lib winspool.lib comdlg32.lib advapi32.lib shell32.lib ole32.lib oleaut32.lib uuid.lib odbc32.lib odbccp32.lib /MANIFEST /ManifestFile:"Debug\Direct_Access_Image_Sample.exe.intermediate.manifest" /MANIFESTUAC:"level='asInvoker' uiAccess='false'" /DEBUG /PDB:"C:\Users\Administrator\Documents\mps\I--Pixel\src\VBAM\Debug\Direct_Access_Image_Sample.pdb" /SUBSYSTEM:CONSOLE /TLBID:1 /DYNAMICBASE /NXCOMPAT /IMPLIB:"C:\Users\Administrator\Documents\mps\I--Pixel\src\VBAM\Debug\Direct_Access_Image_Sample.lib" /MACHINE:X86 Debug\Direct_Access_Image_Sample.exe.embed.manifest.res
         Debug\Direct_Access_Image.obj
         Debug\vbam.obj
         Debug\stdafx.obj
       Manifest:
         C:\Program Files (x86)\Microsoft SDKs\Windows\v7.0A\bin\mt.exe /nologo /verbose /out:"Debug\Direct_Access_Image_Sample.exe.embed.manifest" /manifest Debug\Direct_Access_Image_Sample.exe.intermediate.manifest
         All outputs are up-to-date.
       LinkEmbedManifest:
         All outputs are up-to-date.
         Direct_Access_Image_Sample.vcxproj -> C:\Users\Administrator\Documents\mps\I--Pixel\src\VBAM\Debug\Direct_Access_Image_Sample.exe
       FinalizeBuildStatus:
         Deleting file "Debug\Direct_Access_Image_Sample.unsuccessfulbuild".
         Touching "Debug\Direct_Access_Image_Sample.lastbuildstate".
     1>Done Building Project "C:\Users\Administrator\Documents\mps\I--Pixel\src\VBAM\Direct_Access_Image_Sample.vcxproj" (build target(s)).

Build succeeded.

Time Elapsed 00:00:02.59
